{"C:\\Users\\fredy\\OneDrive\\Desktop\\Clases Meli\\Curso 2025-1\\Clase 2 React Jest Coverage\\base-project\\src\\components\\Button\\Button.tsx": {"path":"C:\\Users\\fredy\\OneDrive\\Desktop\\Clases Meli\\Curso 2025-1\\Clase 2 React Jest Coverage\\base-project\\src\\components\\Button\\Button.tsx","statementMap":{"0":{"start":{"line":1,"column":0},"end":{"line":1,"column":32}},"1":{"start":{"line":8,"column":22},"end":{"line":22,"column":1}},"2":{"start":{"line":9,"column":28},"end":{"line":9,"column":39}},"3":{"start":{"line":11,"column":25},"end":{"line":13,"column":3}},"4":{"start":{"line":15,"column":2},"end":{"line":21,"column":null}},"5":{"start":{"line":8,"column":13},"end":{"line":8,"column":22}}},"fnMap":{"0":{"name":"(anonymous_0)","decl":{"start":{"line":8,"column":22},"end":{"line":8,"column":23}},"loc":{"start":{"line":8,"column":58},"end":{"line":22,"column":1}}},"1":{"name":"(anonymous_1)","decl":{"start":{"line":11,"column":25},"end":{"line":11,"column":27}},"loc":{"start":{"line":11,"column":29},"end":{"line":13,"column":3}}}},"branchMap":{},"s":{"0":1,"1":1,"2":2,"3":2,"4":2,"5":1},"f":{"0":2,"1":0},"b":{}}
,"C:\\Users\\fredy\\OneDrive\\Desktop\\Clases Meli\\Curso 2025-1\\Clase 2 React Jest Coverage\\base-project\\src\\components\\Products\\Products.tsx": {"path":"C:\\Users\\fredy\\OneDrive\\Desktop\\Clases Meli\\Curso 2025-1\\Clase 2 React Jest Coverage\\base-project\\src\\components\\Products\\Products.tsx","statementMap":{"0":{"start":{"line":1,"column":0},"end":{"line":1,"column":43}},"1":{"start":{"line":2,"column":0},"end":{"line":2,"column":49}},"2":{"start":{"line":5,"column":24},"end":{"line":46,"column":1}},"3":{"start":{"line":6,"column":34},"end":{"line":6,"column":57}},"4":{"start":{"line":7,"column":32},"end":{"line":7,"column":47}},"5":{"start":{"line":9,"column":2},"end":{"line":23,"column":null}},"6":{"start":{"line":10,"column":22},"end":{"line":21,"column":null}},"7":{"start":{"line":10,"column":31},"end":{"line":21,"column":null}},"8":{"start":{"line":11,"column":6},"end":{"line":20,"column":7}},"9":{"start":{"line":12,"column":8},"end":{"line":12,"column":25}},"10":{"start":{"line":13,"column":25},"end":{"line":13,"column":44}},"11":{"start":{"line":14,"column":24},"end":{"line":14,"column":44}},"12":{"start":{"line":15,"column":8},"end":{"line":15,"column":39}},"13":{"start":{"line":16,"column":8},"end":{"line":16,"column":29}},"14":{"start":{"line":17,"column":8},"end":{"line":17,"column":26}},"15":{"start":{"line":19,"column":8},"end":{"line":19,"column":27}},"16":{"start":{"line":22,"column":4},"end":{"line":22,"column":16}},"17":{"start":{"line":25,"column":24},"end":{"line":27,"column":3}},"18":{"start":{"line":26,"column":4},"end":{"line":26,"column":null}},"19":{"start":{"line":29,"column":2},"end":{"line":45,"column":null}},"20":{"start":{"line":36,"column":12},"end":{"line":36,"column":45}},"21":{"start":{"line":5,"column":13},"end":{"line":5,"column":24}}},"fnMap":{"0":{"name":"(anonymous_7)","decl":{"start":{"line":5,"column":24},"end":{"line":5,"column":26}},"loc":{"start":{"line":5,"column":28},"end":{"line":46,"column":1}}},"1":{"name":"(anonymous_8)","decl":{"start":{"line":9,"column":12},"end":{"line":9,"column":14}},"loc":{"start":{"line":9,"column":16},"end":{"line":23,"column":3}}},"2":{"name":"(anonymous_9)","decl":{"start":{"line":10,"column":22},"end":{"line":10,"column":29}},"loc":{"start":{"line":10,"column":31},"end":{"line":21,"column":null}}},"3":{"name":"(anonymous_10)","decl":{"start":{"line":10,"column":31},"end":{"line":10,"column":null}},"loc":{"start":{"line":10,"column":31},"end":{"line":21,"column":5}}},"4":{"name":"(anonymous_11)","decl":{"start":{"line":25,"column":24},"end":{"line":25,"column":26}},"loc":{"start":{"line":25,"column":28},"end":{"line":27,"column":3}}},"5":{"name":"(anonymous_12)","decl":{"start":{"line":35,"column":24},"end":{"line":35,"column":31}},"loc":{"start":{"line":36,"column":12},"end":{"line":36,"column":45}}}},"branchMap":{"0":{"loc":{"start":{"line":14,"column":24},"end":{"line":14,"column":44}},"type":"binary-expr","locations":[{"start":{"line":14,"column":24},"end":{"line":14,"column":38}},{"start":{"line":14,"column":42},"end":{"line":14,"column":44}}]},"1":{"loc":{"start":{"line":14,"column":24},"end":{"line":14,"column":38}},"type":"cond-expr","locations":[{"start":{"line":14,"column":32},"end":{"line":14,"column":34}},{"start":{"line":14,"column":24},"end":{"line":14,"column":38}}]},"2":{"loc":{"start":{"line":14,"column":24},"end":{"line":14,"column":34}},"type":"binary-expr","locations":[{"start":{"line":14,"column":24},"end":{"line":14,"column":34}},{"start":{"line":14,"column":24},"end":{"line":14,"column":34}}]},"3":{"loc":{"start":{"line":31,"column":7},"end":{"line":31,"column":66}},"type":"binary-expr","locations":[{"start":{"line":31,"column":7},"end":{"line":31,"column":14}},{"start":{"line":31,"column":18},"end":{"line":31,"column":66}}]},"4":{"loc":{"start":{"line":33,"column":8},"end":{"line":39,"column":13}},"type":"cond-expr","locations":[{"start":{"line":34,"column":8},"end":{"line":37,"column":null}},{"start":{"line":39,"column":9},"end":{"line":39,"column":13}}]},"5":{"loc":{"start":{"line":33,"column":8},"end":{"line":33,"column":35}},"type":"binary-expr","locations":[{"start":{"line":33,"column":8},"end":{"line":33,"column":23}},{"start":{"line":33,"column":27},"end":{"line":33,"column":35}}]}},"s":{"0":1,"1":1,"2":1,"3":5,"4":5,"5":5,"6":2,"7":2,"8":2,"9":2,"10":2,"11":2,"12":2,"13":2,"14":2,"15":0,"16":2,"17":5,"18":0,"19":5,"20":4,"21":1},"f":{"0":5,"1":2,"2":2,"3":2,"4":0,"5":4},"b":{"0":[2,1],"1":[1,1],"2":[2,2],"3":[5,2],"4":[1,4],"5":[5,1]}}
,"C:\\Users\\fredy\\OneDrive\\Desktop\\Clases Meli\\Curso 2025-1\\Clase 2 React Jest Coverage\\base-project\\src\\mocks\\product.ts": {"path":"C:\\Users\\fredy\\OneDrive\\Desktop\\Clases Meli\\Curso 2025-1\\Clase 2 React Jest Coverage\\base-project\\src\\mocks\\product.ts","statementMap":{"0":{"start":{"line":1,"column":13},"end":{"line":6,"column":null}}},"fnMap":{},"branchMap":{},"s":{"0":1},"f":{},"b":{}}
,"C:\\Users\\fredy\\OneDrive\\Desktop\\Clases Meli\\Curso 2025-1\\Clase 2 React Jest Coverage\\base-project\\src\\mocks\\products.ts": {"path":"C:\\Users\\fredy\\OneDrive\\Desktop\\Clases Meli\\Curso 2025-1\\Clase 2 React Jest Coverage\\base-project\\src\\mocks\\products.ts","statementMap":{"0":{"start":{"line":3,"column":13},"end":{"line":8,"column":null}}},"fnMap":{},"branchMap":{},"s":{"0":1},"f":{},"b":{}}
}
