<?xml version="1.0" encoding="UTF-8"?>
<coverage generated="1748552655866" clover="3.2.0">
  <project timestamp="1748552655866" name="All files">
    <metrics statements="26" coveredstatements="24" conditionals="10" coveredconditionals="8" methods="8" coveredmethods="6" elements="44" coveredelements="38" complexity="0" loc="26" ncloc="26" packages="2" files="2" classes="2"/>
    <package name="Button">
      <metrics statements="7" coveredstatements="6" conditionals="0" coveredconditionals="0" methods="3" coveredmethods="2"/>
      <file name="Button.tsx" path="C:\Users\fredy\OneDrive\Desktop\Clases Meli\Curso W11\jest\jest-mocks\src\components\Button\Button.tsx">
        <metrics statements="7" coveredstatements="6" conditionals="0" coveredconditionals="0" methods="3" coveredmethods="2"/>
        <line num="1" count="1" type="stmt"/>
        <line num="8" count="1" type="stmt"/>
        <line num="9" count="2" type="stmt"/>
        <line num="11" count="2" type="stmt"/>
        <line num="12" count="0" type="stmt"/>
        <line num="15" count="2" type="stmt"/>
        <line num="19" count="1" type="stmt"/>
      </file>
    </package>
    <package name="UserDetail">
      <metrics statements="19" coveredstatements="18" conditionals="10" coveredconditionals="8" methods="5" coveredmethods="4"/>
      <file name="UserDetail.tsx" path="C:\Users\fredy\OneDrive\Desktop\Clases Meli\Curso W11\jest\jest-mocks\src\components\UserDetail\UserDetail.tsx">
        <metrics statements="19" coveredstatements="18" conditionals="10" coveredconditionals="8" methods="5" coveredmethods="4"/>
        <line num="1" count="1" type="stmt"/>
        <line num="2" count="1" type="stmt"/>
        <line num="4" count="1" type="stmt"/>
        <line num="5" count="5" type="stmt"/>
        <line num="6" count="5" type="stmt"/>
        <line num="7" count="5" type="stmt"/>
        <line num="9" count="5" type="stmt"/>
        <line num="10" count="2" type="stmt"/>
        <line num="11" count="2" type="stmt"/>
        <line num="12" count="2" type="stmt"/>
        <line num="13" count="2" type="stmt"/>
        <line num="14" count="2" type="stmt"/>
        <line num="15" count="2" type="stmt"/>
        <line num="19" count="2" type="stmt"/>
        <line num="22" count="2" type="stmt"/>
        <line num="26" count="5" type="cond" truecount="1" falsecount="0"/>
        <line num="27" count="3" type="cond" truecount="1" falsecount="0"/>
        <line num="29" count="1" type="stmt"/>
        <line num="35" count="0" type="stmt"/>
      </file>
    </package>
  </project>
</coverage>
