{"C:\\Users\\fredy\\OneDrive\\Desktop\\Clases Meli\\Curso W11\\jest\\jest-mocks\\src\\components\\Button\\Button.tsx": {"path":"C:\\Users\\fredy\\OneDrive\\Desktop\\Clases Meli\\Curso W11\\jest\\jest-mocks\\src\\components\\Button\\Button.tsx","statementMap":{"0":{"start":{"line":1,"column":0},"end":{"line":1,"column":33}},"1":{"start":{"line":8,"column":22},"end":{"line":22,"column":1}},"2":{"start":{"line":9,"column":26},"end":{"line":9,"column":38}},"3":{"start":{"line":11,"column":22},"end":{"line":13,"column":3}},"4":{"start":{"line":12,"column":4},"end":{"line":12,"column":29}},"5":{"start":{"line":15,"column":2},"end":{"line":21,"column":null}},"6":{"start":{"line":19,"column":53},"end":{"line":19,"column":75}},"7":{"start":{"line":8,"column":13},"end":{"line":8,"column":22}}},"fnMap":{"0":{"name":"(anonymous_0)","decl":{"start":{"line":8,"column":22},"end":{"line":8,"column":23}},"loc":{"start":{"line":8,"column":61},"end":{"line":22,"column":1}}},"1":{"name":"(anonymous_1)","decl":{"start":{"line":11,"column":22},"end":{"line":11,"column":24}},"loc":{"start":{"line":11,"column":26},"end":{"line":13,"column":3}}},"2":{"name":"(anonymous_2)","decl":{"start":{"line":19,"column":49},"end":{"line":19,"column":51}},"loc":{"start":{"line":19,"column":53},"end":{"line":19,"column":75}}}},"branchMap":{},"s":{"0":1,"1":1,"2":2,"3":2,"4":0,"5":2,"6":1,"7":1},"f":{"0":2,"1":0,"2":1},"b":{}}
,"C:\\Users\\fredy\\OneDrive\\Desktop\\Clases Meli\\Curso W11\\jest\\jest-mocks\\src\\components\\UserDetail\\UserDetail.tsx": {"path":"C:\\Users\\fredy\\OneDrive\\Desktop\\Clases Meli\\Curso W11\\jest\\jest-mocks\\src\\components\\UserDetail\\UserDetail.tsx","statementMap":{"0":{"start":{"line":1,"column":0},"end":{"line":1,"column":44}},"1":{"start":{"line":2,"column":0},"end":{"line":2,"column":48}},"2":{"start":{"line":4,"column":26},"end":{"line":38,"column":1}},"3":{"start":{"line":5,"column":26},"end":{"line":5,"column":53}},"4":{"start":{"line":6,"column":31},"end":{"line":6,"column":46}},"5":{"start":{"line":7,"column":24},"end":{"line":7,"column":36}},"6":{"start":{"line":9,"column":2},"end":{"line":23,"column":null}},"7":{"start":{"line":10,"column":22},"end":{"line":21,"column":6}},"8":{"start":{"line":10,"column":31},"end":{"line":21,"column":6}},"9":{"start":{"line":11,"column":6},"end":{"line":20,"column":7}},"10":{"start":{"line":12,"column":8},"end":{"line":12,"column":25}},"11":{"start":{"line":13,"column":25},"end":{"line":13,"column":41}},"12":{"start":{"line":14,"column":8},"end":{"line":14,"column":42}},"13":{"start":{"line":15,"column":8},"end":{"line":15,"column":26}},"14":{"start":{"line":19,"column":8},"end":{"line":19,"column":26}},"15":{"start":{"line":22,"column":4},"end":{"line":22,"column":null}},"16":{"start":{"line":26,"column":2},"end":{"line":26,"column":null}},"17":{"start":{"line":26,"column":14},"end":{"line":26,"column":null}},"18":{"start":{"line":27,"column":2},"end":{"line":27,"column":null}},"19":{"start":{"line":27,"column":12},"end":{"line":27,"column":null}},"20":{"start":{"line":29,"column":2},"end":{"line":37,"column":null}},"21":{"start":{"line":35,"column":53},"end":{"line":35,"column":68}},"22":{"start":{"line":4,"column":13},"end":{"line":4,"column":26}}},"fnMap":{"0":{"name":"(anonymous_7)","decl":{"start":{"line":4,"column":26},"end":{"line":4,"column":28}},"loc":{"start":{"line":4,"column":30},"end":{"line":38,"column":1}}},"1":{"name":"(anonymous_8)","decl":{"start":{"line":9,"column":12},"end":{"line":9,"column":14}},"loc":{"start":{"line":9,"column":16},"end":{"line":23,"column":3}}},"2":{"name":"(anonymous_9)","decl":{"start":{"line":10,"column":22},"end":{"line":10,"column":29}},"loc":{"start":{"line":10,"column":31},"end":{"line":21,"column":6}}},"3":{"name":"(anonymous_10)","decl":{"start":{"line":10,"column":31},"end":{"line":10,"column":null}},"loc":{"start":{"line":10,"column":31},"end":{"line":21,"column":5}}},"4":{"name":"(anonymous_11)","decl":{"start":{"line":35,"column":49},"end":{"line":35,"column":51}},"loc":{"start":{"line":35,"column":53},"end":{"line":35,"column":68}}}},"branchMap":{"0":{"loc":{"start":{"line":26,"column":2},"end":{"line":26,"column":null}},"type":"if","locations":[{"start":{"line":26,"column":2},"end":{"line":26,"column":null}}]},"1":{"loc":{"start":{"line":27,"column":2},"end":{"line":27,"column":null}},"type":"if","locations":[{"start":{"line":27,"column":2},"end":{"line":27,"column":null}}]},"2":{"loc":{"start":{"line":31,"column":38},"end":{"line":31,"column":52}},"type":"cond-expr","locations":[{"start":{"line":31,"column":42},"end":{"line":31,"column":44}},{"start":{"line":31,"column":38},"end":{"line":31,"column":52}}]},"3":{"loc":{"start":{"line":31,"column":38},"end":{"line":31,"column":44}},"type":"binary-expr","locations":[{"start":{"line":31,"column":38},"end":{"line":31,"column":44}},{"start":{"line":31,"column":38},"end":{"line":31,"column":44}}]},"4":{"loc":{"start":{"line":32,"column":38},"end":{"line":32,"column":48}},"type":"cond-expr","locations":[{"start":{"line":32,"column":42},"end":{"line":32,"column":44}},{"start":{"line":32,"column":38},"end":{"line":32,"column":48}}]},"5":{"loc":{"start":{"line":32,"column":38},"end":{"line":32,"column":44}},"type":"binary-expr","locations":[{"start":{"line":32,"column":38},"end":{"line":32,"column":44}},{"start":{"line":32,"column":38},"end":{"line":32,"column":44}}]}},"s":{"0":1,"1":1,"2":1,"3":5,"4":5,"5":5,"6":5,"7":2,"8":2,"9":2,"10":2,"11":2,"12":2,"13":2,"14":2,"15":2,"16":5,"17":2,"18":3,"19":2,"20":1,"21":0,"22":1},"f":{"0":5,"1":2,"2":2,"3":2,"4":0},"b":{"0":[2],"1":[2],"2":[0,1],"3":[1,1],"4":[0,1],"5":[1,1]}}
}
