TN:
SF:src\components\Button\Button.tsx
FN:8,(anonymous_0)
FN:11,(anonymous_1)
FN:19,(anonymous_2)
FNF:3
FNH:2
FNDA:2,(anonymous_0)
FNDA:0,(anonymous_1)
FNDA:1,(anonymous_2)
DA:1,1
DA:8,1
DA:9,2
DA:11,2
DA:12,0
DA:15,2
DA:19,1
LF:7
LH:6
BRF:0
BRH:0
end_of_record
TN:
SF:src\components\UserDetail\UserDetail.tsx
FN:4,(anonymous_7)
FN:9,(anonymous_8)
FN:10,(anonymous_9)
FN:10,(anonymous_10)
FN:35,(anonymous_11)
FNF:5
FNH:4
FNDA:5,(anonymous_7)
FNDA:2,(anonymous_8)
FNDA:2,(anonymous_9)
FNDA:2,(anonymous_10)
FNDA:0,(anonymous_11)
DA:1,1
DA:2,1
DA:4,1
DA:5,5
DA:6,5
DA:7,5
DA:9,5
DA:10,2
DA:11,2
DA:12,2
DA:13,2
DA:14,2
DA:15,2
DA:19,2
DA:22,2
DA:26,5
DA:27,3
DA:29,1
DA:35,0
LF:19
LH:18
BRDA:26,0,0,2
BRDA:27,1,0,2
BRDA:31,2,0,0
BRDA:31,2,1,1
BRDA:31,3,0,1
BRDA:31,3,1,1
BRDA:32,4,0,0
BRDA:32,4,1,1
BRDA:32,5,0,1
BRDA:32,5,1,1
BRF:10
BRH:8
end_of_record
